Analysis & Synthesis report for IIR_DF2_filter
Mon Oct 26 12:07:04 2020
Quartus Prime Version 18.1.0 Build 625 09/12/2018 SJ Lite Edition


---------------------
; Table of Contents ;
---------------------
  1. Legal Notice
  2. Analysis & Synthesis Summary
  3. Analysis & Synthesis Settings
  4. Parallel Compilation
  5. Analysis & Synthesis Source Files Read
  6. Analysis & Synthesis Resource Usage Summary
  7. Analysis & Synthesis Resource Utilization by Entity
  8. Analysis & Synthesis DSP Block Usage Summary
  9. General Register Statistics
 10. Multiplexer Restructuring Statistics (Restructuring Performed)
 11. Parameter Settings for User Entity Instance: myregister:REG_DATA_IN
 12. Parameter Settings for User Entity Instance: myregister:REG_COEFF_A0
 13. Parameter Settings for User Entity Instance: myregister:REG_COEFF_A1
 14. Parameter Settings for User Entity Instance: myregister:REG_COEFF_A2
 15. Parameter Settings for User Entity Instance: myregister:REG_COEFF_B1
 16. Parameter Settings for User Entity Instance: myregister:REG_COEFF_B2
 17. Parameter Settings for User Entity Instance: myregister:REG_DATA_OUT
 18. Parameter Settings for User Entity Instance: myregister:REG_Z1
 19. Parameter Settings for User Entity Instance: myregister:REG_Z2
 20. Port Connectivity Checks: "myregister:REG_Z2"
 21. Port Connectivity Checks: "myregister:REG_Z1"
 22. Port Connectivity Checks: "myregister:REG_DATA_OUT"
 23. Port Connectivity Checks: "myregister:REG_COEFF_B2"
 24. Port Connectivity Checks: "myregister:REG_COEFF_B1"
 25. Port Connectivity Checks: "myregister:REG_COEFF_A2"
 26. Port Connectivity Checks: "myregister:REG_COEFF_A1"
 27. Port Connectivity Checks: "myregister:REG_COEFF_A0"
 28. Post-Synthesis Netlist Statistics for Top Partition
 29. Elapsed Time Per Partition
 30. Analysis & Synthesis Messages



----------------
; Legal Notice ;
----------------
Copyright (C) 2018  Intel Corporation. All rights reserved.
Your use of Intel Corporation's design tools, logic functions 
and other software and tools, and its AMPP partner logic 
functions, and any output files from any of the foregoing 
(including device programming or simulation files), and any 
associated documentation or information are expressly subject 
to the terms and conditions of the Intel Program License 
Subscription Agreement, the Intel Quartus Prime License Agreement,
the Intel FPGA IP License Agreement, or other applicable license
agreement, including, without limitation, that your use is for
the sole purpose of programming logic devices manufactured by
Intel and sold by Intel or its authorized distributors.  Please
refer to the applicable agreement for further details.



+-------------------------------------------------------------------------------+
; Analysis & Synthesis Summary                                                  ;
+---------------------------------+---------------------------------------------+
; Analysis & Synthesis Status     ; Successful - Mon Oct 26 12:07:04 2020       ;
; Quartus Prime Version           ; 18.1.0 Build 625 09/12/2018 SJ Lite Edition ;
; Revision Name                   ; IIR_DF2_filter                              ;
; Top-level Entity Name           ; IIR_DF2_filter                              ;
; Family                          ; Cyclone V                                   ;
; Logic utilization (in ALMs)     ; N/A                                         ;
; Total registers                 ; 136                                         ;
; Total pins                      ; 88                                          ;
; Total virtual pins              ; 0                                           ;
; Total block memory bits         ; 0                                           ;
; Total DSP Blocks                ; 5                                           ;
; Total HSSI RX PCSs              ; 0                                           ;
; Total HSSI PMA RX Deserializers ; 0                                           ;
; Total HSSI TX PCSs              ; 0                                           ;
; Total HSSI PMA TX Serializers   ; 0                                           ;
; Total PLLs                      ; 0                                           ;
; Total DLLs                      ; 0                                           ;
+---------------------------------+---------------------------------------------+


+---------------------------------------------------------------------------------------------------------------------------+
; Analysis & Synthesis Settings                                                                                             ;
+---------------------------------------------------------------------------------+--------------------+--------------------+
; Option                                                                          ; Setting            ; Default Value      ;
+---------------------------------------------------------------------------------+--------------------+--------------------+
; Device                                                                          ; 5CGXFC7C7F23C8     ;                    ;
; Top-level entity name                                                           ; IIR_DF2_filter     ; IIR_DF2_filter     ;
; Family name                                                                     ; Cyclone V          ; Cyclone V          ;
; Use smart compilation                                                           ; Off                ; Off                ;
; Enable parallel Assembler and Timing Analyzer during compilation                ; On                 ; On                 ;
; Enable compact report table                                                     ; Off                ; Off                ;
; Restructure Multiplexers                                                        ; Auto               ; Auto               ;
; MLAB Add Timing Constraints For Mixed-Port Feed-Through Mode Setting Don't Care ; Off                ; Off                ;
; Create Debugging Nodes for IP Cores                                             ; Off                ; Off                ;
; Preserve fewer node names                                                       ; On                 ; On                 ;
; Intel FPGA IP Evaluation Mode                                                   ; Enable             ; Enable             ;
; Verilog Version                                                                 ; Verilog_2001       ; Verilog_2001       ;
; VHDL Version                                                                    ; VHDL_1993          ; VHDL_1993          ;
; State Machine Processing                                                        ; Auto               ; Auto               ;
; Safe State Machine                                                              ; Off                ; Off                ;
; Extract Verilog State Machines                                                  ; On                 ; On                 ;
; Extract VHDL State Machines                                                     ; On                 ; On                 ;
; Ignore Verilog initial constructs                                               ; Off                ; Off                ;
; Iteration limit for constant Verilog loops                                      ; 5000               ; 5000               ;
; Iteration limit for non-constant Verilog loops                                  ; 250                ; 250                ;
; Add Pass-Through Logic to Inferred RAMs                                         ; On                 ; On                 ;
; Infer RAMs from Raw Logic                                                       ; On                 ; On                 ;
; Parallel Synthesis                                                              ; On                 ; On                 ;
; DSP Block Balancing                                                             ; Auto               ; Auto               ;
; NOT Gate Push-Back                                                              ; On                 ; On                 ;
; Power-Up Don't Care                                                             ; On                 ; On                 ;
; Remove Redundant Logic Cells                                                    ; Off                ; Off                ;
; Remove Duplicate Registers                                                      ; On                 ; On                 ;
; Ignore CARRY Buffers                                                            ; Off                ; Off                ;
; Ignore CASCADE Buffers                                                          ; Off                ; Off                ;
; Ignore GLOBAL Buffers                                                           ; Off                ; Off                ;
; Ignore ROW GLOBAL Buffers                                                       ; Off                ; Off                ;
; Ignore LCELL Buffers                                                            ; Off                ; Off                ;
; Ignore SOFT Buffers                                                             ; On                 ; On                 ;
; Limit AHDL Integers to 32 Bits                                                  ; Off                ; Off                ;
; Optimization Technique                                                          ; Balanced           ; Balanced           ;
; Carry Chain Length                                                              ; 70                 ; 70                 ;
; Auto Carry Chains                                                               ; On                 ; On                 ;
; Auto Open-Drain Pins                                                            ; On                 ; On                 ;
; Perform WYSIWYG Primitive Resynthesis                                           ; Off                ; Off                ;
; Auto ROM Replacement                                                            ; On                 ; On                 ;
; Auto RAM Replacement                                                            ; On                 ; On                 ;
; Auto DSP Block Replacement                                                      ; On                 ; On                 ;
; Auto Shift Register Replacement                                                 ; Auto               ; Auto               ;
; Allow Shift Register Merging across Hierarchies                                 ; Auto               ; Auto               ;
; Auto Clock Enable Replacement                                                   ; On                 ; On                 ;
; Strict RAM Replacement                                                          ; Off                ; Off                ;
; Allow Synchronous Control Signals                                               ; On                 ; On                 ;
; Force Use of Synchronous Clear Signals                                          ; Off                ; Off                ;
; Auto Resource Sharing                                                           ; Off                ; Off                ;
; Allow Any RAM Size For Recognition                                              ; Off                ; Off                ;
; Allow Any ROM Size For Recognition                                              ; Off                ; Off                ;
; Allow Any Shift Register Size For Recognition                                   ; Off                ; Off                ;
; Use LogicLock Constraints during Resource Balancing                             ; On                 ; On                 ;
; Ignore translate_off and synthesis_off directives                               ; Off                ; Off                ;
; Timing-Driven Synthesis                                                         ; On                 ; On                 ;
; Report Parameter Settings                                                       ; On                 ; On                 ;
; Report Source Assignments                                                       ; On                 ; On                 ;
; Report Connectivity Checks                                                      ; On                 ; On                 ;
; Ignore Maximum Fan-Out Assignments                                              ; Off                ; Off                ;
; Synchronization Register Chain Length                                           ; 3                  ; 3                  ;
; Power Optimization During Synthesis                                             ; Normal compilation ; Normal compilation ;
; HDL message level                                                               ; Level2             ; Level2             ;
; Suppress Register Optimization Related Messages                                 ; Off                ; Off                ;
; Number of Removed Registers Reported in Synthesis Report                        ; 5000               ; 5000               ;
; Number of Swept Nodes Reported in Synthesis Report                              ; 5000               ; 5000               ;
; Number of Inverted Registers Reported in Synthesis Report                       ; 100                ; 100                ;
; Clock MUX Protection                                                            ; On                 ; On                 ;
; Auto Gated Clock Conversion                                                     ; Off                ; Off                ;
; Block Design Naming                                                             ; Auto               ; Auto               ;
; SDC constraint protection                                                       ; Off                ; Off                ;
; Synthesis Effort                                                                ; Auto               ; Auto               ;
; Shift Register Replacement - Allow Asynchronous Clear Signal                    ; On                 ; On                 ;
; Pre-Mapping Resynthesis Optimization                                            ; Off                ; Off                ;
; Analysis & Synthesis Message Level                                              ; Medium             ; Medium             ;
; Disable Register Merging Across Hierarchies                                     ; Auto               ; Auto               ;
; Resource Aware Inference For Block RAM                                          ; On                 ; On                 ;
; Automatic Parallel Synthesis                                                    ; On                 ; On                 ;
; Partial Reconfiguration Bitstream ID                                            ; Off                ; Off                ;
+---------------------------------------------------------------------------------+--------------------+--------------------+


+------------------------------------------+
; Parallel Compilation                     ;
+----------------------------+-------------+
; Processors                 ; Number      ;
+----------------------------+-------------+
; Number detected on machine ; 16          ;
; Maximum allowed            ; 16          ;
;                            ;             ;
; Average used               ; 1.00        ;
; Maximum used               ; 16          ;
;                            ;             ;
; Usage by Processor         ; % Time Used ;
;     Processor 1            ; 100.0%      ;
;     Processors 2-16        ;   0.0%      ;
+----------------------------+-------------+


+--------------------------------------------------------------------------------------------------------------------------------------------------------------------------------------------+
; Analysis & Synthesis Source Files Read                                                                                                                                                     ;
+----------------------------------+-----------------+-----------------------+-----------------------------------------------------------------------------------------------------+---------+
; File Name with User-Entered Path ; Used in Netlist ; File Type             ; File Name with Absolute Path                                                                        ; Library ;
+----------------------------------+-----------------+-----------------------+-----------------------------------------------------------------------------------------------------+---------+
; IIR_DF2_filter.vhd               ; yes             ; User VHDL File        ; D:/poli/magistrale/I S Architecture/lab/lab1/Lab 1/ISA_LAB_1_19october/LAB1_VHDL/IIR_DF2_filter.vhd ;         ;
; myregister.vhd                   ; yes             ; Auto-Found VHDL File  ; D:/poli/magistrale/I S Architecture/lab/lab1/Lab 1/ISA_LAB_1_19october/LAB1_VHDL/myregister.vhd     ;         ;
+----------------------------------+-----------------+-----------------------+-----------------------------------------------------------------------------------------------------+---------+


+-----------------------------------------------------------+
; Analysis & Synthesis Resource Usage Summary               ;
+---------------------------------------------+-------------+
; Resource                                    ; Usage       ;
+---------------------------------------------+-------------+
; Estimate of Logic utilization (ALMs needed) ; 73          ;
;                                             ;             ;
; Combinational ALUT usage for logic          ; 58          ;
;     -- 7 input functions                    ; 0           ;
;     -- 6 input functions                    ; 0           ;
;     -- 5 input functions                    ; 0           ;
;     -- 4 input functions                    ; 0           ;
;     -- <=3 input functions                  ; 58          ;
;                                             ;             ;
; Dedicated logic registers                   ; 136         ;
;                                             ;             ;
; I/O pins                                    ; 88          ;
;                                             ;             ;
; Total DSP Blocks                            ; 5           ;
;                                             ;             ;
; Maximum fan-out node                        ; RST_n~input ;
; Maximum fan-out                             ; 137         ;
; Total fan-out                               ; 876         ;
; Average fan-out                             ; 2.34        ;
+---------------------------------------------+-------------+


+-----------------------------------------------------------------------------------------------------------------------------------------------------------------------------------------------------------------+
; Analysis & Synthesis Resource Utilization by Entity                                                                                                                                                             ;
+------------------------------+---------------------+---------------------------+-------------------+------------+------+--------------+-----------------------------------------+----------------+--------------+
; Compilation Hierarchy Node   ; Combinational ALUTs ; Dedicated Logic Registers ; Block Memory Bits ; DSP Blocks ; Pins ; Virtual Pins ; Full Hierarchy Name                     ; Entity Name    ; Library Name ;
+------------------------------+---------------------+---------------------------+-------------------+------------+------+--------------+-----------------------------------------+----------------+--------------+
; |IIR_DF2_filter              ; 58 (57)             ; 136 (14)                  ; 0                 ; 5          ; 88   ; 0            ; |IIR_DF2_filter                         ; IIR_DF2_filter ; work         ;
;    |myregister:REG_COEFF_A0| ; 0 (0)               ; 12 (12)                   ; 0                 ; 0          ; 0    ; 0            ; |IIR_DF2_filter|myregister:REG_COEFF_A0 ; myregister     ; work         ;
;    |myregister:REG_COEFF_A1| ; 0 (0)               ; 12 (12)                   ; 0                 ; 0          ; 0    ; 0            ; |IIR_DF2_filter|myregister:REG_COEFF_A1 ; myregister     ; work         ;
;    |myregister:REG_COEFF_A2| ; 0 (0)               ; 12 (12)                   ; 0                 ; 0          ; 0    ; 0            ; |IIR_DF2_filter|myregister:REG_COEFF_A2 ; myregister     ; work         ;
;    |myregister:REG_COEFF_B1| ; 0 (0)               ; 12 (12)                   ; 0                 ; 0          ; 0    ; 0            ; |IIR_DF2_filter|myregister:REG_COEFF_B1 ; myregister     ; work         ;
;    |myregister:REG_COEFF_B2| ; 0 (0)               ; 12 (12)                   ; 0                 ; 0          ; 0    ; 0            ; |IIR_DF2_filter|myregister:REG_COEFF_B2 ; myregister     ; work         ;
;    |myregister:REG_DATA_IN|  ; 1 (1)               ; 12 (12)                   ; 0                 ; 0          ; 0    ; 0            ; |IIR_DF2_filter|myregister:REG_DATA_IN  ; myregister     ; work         ;
;    |myregister:REG_DATA_OUT| ; 0 (0)               ; 12 (12)                   ; 0                 ; 0          ; 0    ; 0            ; |IIR_DF2_filter|myregister:REG_DATA_OUT ; myregister     ; work         ;
;    |myregister:REG_Z1|       ; 0 (0)               ; 19 (19)                   ; 0                 ; 0          ; 0    ; 0            ; |IIR_DF2_filter|myregister:REG_Z1       ; myregister     ; work         ;
;    |myregister:REG_Z2|       ; 0 (0)               ; 19 (19)                   ; 0                 ; 0          ; 0    ; 0            ; |IIR_DF2_filter|myregister:REG_Z2       ; myregister     ; work         ;
+------------------------------+---------------------+---------------------------+-------------------+------------+------+--------------+-----------------------------------------+----------------+--------------+
Note: For table entries with two numbers listed, the numbers in parentheses indicate the number of resources of the given type used by the specific entity alone. The numbers listed outside of parentheses indicate the total resources of the given type used by the specific entity and all of its sub-entities in the hierarchy.


+-----------------------------------------------+
; Analysis & Synthesis DSP Block Usage Summary  ;
+---------------------------------+-------------+
; Statistic                       ; Number Used ;
+---------------------------------+-------------+
; Two Independent 18x18           ; 5           ;
; Total number of DSP blocks      ; 5           ;
;                                 ;             ;
; Fixed Point Signed Multiplier   ; 5           ;
; Fixed Point Dedicated Pre-Adder ; 1           ;
+---------------------------------+-------------+


+------------------------------------------------------+
; General Register Statistics                          ;
+----------------------------------------------+-------+
; Statistic                                    ; Value ;
+----------------------------------------------+-------+
; Total registers                              ; 136   ;
; Number of registers using Synchronous Clear  ; 122   ;
; Number of registers using Synchronous Load   ; 0     ;
; Number of registers using Asynchronous Clear ; 12    ;
; Number of registers using Asynchronous Load  ; 0     ;
; Number of registers using Clock Enable       ; 14    ;
; Number of registers using Preset             ; 0     ;
+----------------------------------------------+-------+


+------------------------------------------------------------------------------------------------------------------------------------------------------------------+
; Multiplexer Restructuring Statistics (Restructuring Performed)                                                                                                   ;
+--------------------+-----------+---------------+----------------------+------------------------+------------+----------------------------------------------------+
; Multiplexer Inputs ; Bus Width ; Baseline Area ; Area if Restructured ; Saving if Restructured ; Registered ; Example Multiplexer Output                         ;
+--------------------+-----------+---------------+----------------------+------------------------+------------+----------------------------------------------------+
; 3:1                ; 12 bits   ; 24 LEs        ; 0 LEs                ; 24 LEs                 ; Yes        ; |IIR_DF2_filter|myregister:REG_DATA_IN|DATA_OUT[0] ;
+--------------------+-----------+---------------+----------------------+------------------------+------------+----------------------------------------------------+


+---------------------------------------------------------------------+
; Parameter Settings for User Entity Instance: myregister:REG_DATA_IN ;
+----------------+-------+--------------------------------------------+
; Parameter Name ; Value ; Type                                       ;
+----------------+-------+--------------------------------------------+
; n              ; 12    ; Signed Integer                             ;
+----------------+-------+--------------------------------------------+
Note: In order to hide this table in the UI and the text report file, please set the "Show Parameter Settings in Synthesis Report" option in "Analysis and Synthesis Settings -> More Settings" to "Off".


+----------------------------------------------------------------------+
; Parameter Settings for User Entity Instance: myregister:REG_COEFF_A0 ;
+----------------+-------+---------------------------------------------+
; Parameter Name ; Value ; Type                                        ;
+----------------+-------+---------------------------------------------+
; n              ; 12    ; Signed Integer                              ;
+----------------+-------+---------------------------------------------+
Note: In order to hide this table in the UI and the text report file, please set the "Show Parameter Settings in Synthesis Report" option in "Analysis and Synthesis Settings -> More Settings" to "Off".


+----------------------------------------------------------------------+
; Parameter Settings for User Entity Instance: myregister:REG_COEFF_A1 ;
+----------------+-------+---------------------------------------------+
; Parameter Name ; Value ; Type                                        ;
+----------------+-------+---------------------------------------------+
; n              ; 12    ; Signed Integer                              ;
+----------------+-------+---------------------------------------------+
Note: In order to hide this table in the UI and the text report file, please set the "Show Parameter Settings in Synthesis Report" option in "Analysis and Synthesis Settings -> More Settings" to "Off".


+----------------------------------------------------------------------+
; Parameter Settings for User Entity Instance: myregister:REG_COEFF_A2 ;
+----------------+-------+---------------------------------------------+
; Parameter Name ; Value ; Type                                        ;
+----------------+-------+---------------------------------------------+
; n              ; 12    ; Signed Integer                              ;
+----------------+-------+---------------------------------------------+
Note: In order to hide this table in the UI and the text report file, please set the "Show Parameter Settings in Synthesis Report" option in "Analysis and Synthesis Settings -> More Settings" to "Off".


+----------------------------------------------------------------------+
; Parameter Settings for User Entity Instance: myregister:REG_COEFF_B1 ;
+----------------+-------+---------------------------------------------+
; Parameter Name ; Value ; Type                                        ;
+----------------+-------+---------------------------------------------+
; n              ; 12    ; Signed Integer                              ;
+----------------+-------+---------------------------------------------+
Note: In order to hide this table in the UI and the text report file, please set the "Show Parameter Settings in Synthesis Report" option in "Analysis and Synthesis Settings -> More Settings" to "Off".


+----------------------------------------------------------------------+
; Parameter Settings for User Entity Instance: myregister:REG_COEFF_B2 ;
+----------------+-------+---------------------------------------------+
; Parameter Name ; Value ; Type                                        ;
+----------------+-------+---------------------------------------------+
; n              ; 12    ; Signed Integer                              ;
+----------------+-------+---------------------------------------------+
Note: In order to hide this table in the UI and the text report file, please set the "Show Parameter Settings in Synthesis Report" option in "Analysis and Synthesis Settings -> More Settings" to "Off".


+----------------------------------------------------------------------+
; Parameter Settings for User Entity Instance: myregister:REG_DATA_OUT ;
+----------------+-------+---------------------------------------------+
; Parameter Name ; Value ; Type                                        ;
+----------------+-------+---------------------------------------------+
; n              ; 12    ; Signed Integer                              ;
+----------------+-------+---------------------------------------------+
Note: In order to hide this table in the UI and the text report file, please set the "Show Parameter Settings in Synthesis Report" option in "Analysis and Synthesis Settings -> More Settings" to "Off".


+----------------------------------------------------------------+
; Parameter Settings for User Entity Instance: myregister:REG_Z1 ;
+----------------+-------+---------------------------------------+
; Parameter Name ; Value ; Type                                  ;
+----------------+-------+---------------------------------------+
; n              ; 19    ; Signed Integer                        ;
+----------------+-------+---------------------------------------+
Note: In order to hide this table in the UI and the text report file, please set the "Show Parameter Settings in Synthesis Report" option in "Analysis and Synthesis Settings -> More Settings" to "Off".


+----------------------------------------------------------------+
; Parameter Settings for User Entity Instance: myregister:REG_Z2 ;
+----------------+-------+---------------------------------------+
; Parameter Name ; Value ; Type                                  ;
+----------------+-------+---------------------------------------+
; n              ; 19    ; Signed Integer                        ;
+----------------+-------+---------------------------------------+
Note: In order to hide this table in the UI and the text report file, please set the "Show Parameter Settings in Synthesis Report" option in "Analysis and Synthesis Settings -> More Settings" to "Off".


+-----------------------------------------------+
; Port Connectivity Checks: "myregister:REG_Z2" ;
+------+-------+----------+---------------------+
; Port ; Type  ; Severity ; Details             ;
+------+-------+----------+---------------------+
; en   ; Input ; Info     ; Stuck at VCC        ;
+------+-------+----------+---------------------+


+-----------------------------------------------+
; Port Connectivity Checks: "myregister:REG_Z1" ;
+------+-------+----------+---------------------+
; Port ; Type  ; Severity ; Details             ;
+------+-------+----------+---------------------+
; en   ; Input ; Info     ; Stuck at VCC        ;
+------+-------+----------+---------------------+


+-----------------------------------------------------+
; Port Connectivity Checks: "myregister:REG_DATA_OUT" ;
+------+-------+----------+---------------------------+
; Port ; Type  ; Severity ; Details                   ;
+------+-------+----------+---------------------------+
; en   ; Input ; Info     ; Stuck at VCC              ;
+------+-------+----------+---------------------------+


+-----------------------------------------------------+
; Port Connectivity Checks: "myregister:REG_COEFF_B2" ;
+------+-------+----------+---------------------------+
; Port ; Type  ; Severity ; Details                   ;
+------+-------+----------+---------------------------+
; en   ; Input ; Info     ; Stuck at VCC              ;
+------+-------+----------+---------------------------+


+-----------------------------------------------------+
; Port Connectivity Checks: "myregister:REG_COEFF_B1" ;
+------+-------+----------+---------------------------+
; Port ; Type  ; Severity ; Details                   ;
+------+-------+----------+---------------------------+
; en   ; Input ; Info     ; Stuck at VCC              ;
+------+-------+----------+---------------------------+


+-----------------------------------------------------+
; Port Connectivity Checks: "myregister:REG_COEFF_A2" ;
+------+-------+----------+---------------------------+
; Port ; Type  ; Severity ; Details                   ;
+------+-------+----------+---------------------------+
; en   ; Input ; Info     ; Stuck at VCC              ;
+------+-------+----------+---------------------------+


+-----------------------------------------------------+
; Port Connectivity Checks: "myregister:REG_COEFF_A1" ;
+------+-------+----------+---------------------------+
; Port ; Type  ; Severity ; Details                   ;
+------+-------+----------+---------------------------+
; en   ; Input ; Info     ; Stuck at VCC              ;
+------+-------+----------+---------------------------+


+-----------------------------------------------------+
; Port Connectivity Checks: "myregister:REG_COEFF_A0" ;
+------+-------+----------+---------------------------+
; Port ; Type  ; Severity ; Details                   ;
+------+-------+----------+---------------------------+
; en   ; Input ; Info     ; Stuck at VCC              ;
+------+-------+----------+---------------------------+


+-----------------------------------------------------+
; Post-Synthesis Netlist Statistics for Top Partition ;
+-----------------------+-----------------------------+
; Type                  ; Count                       ;
+-----------------------+-----------------------------+
; arriav_ff             ; 136                         ;
;     CLR               ; 12                          ;
;     ENA               ; 2                           ;
;     ENA SCLR          ; 12                          ;
;     SCLR              ; 110                         ;
; arriav_lcell_comb     ; 58                          ;
;     arith             ; 38                          ;
;         2 data inputs ; 38                          ;
;     normal            ; 1                           ;
;         2 data inputs ; 1                           ;
;     shared            ; 19                          ;
;         3 data inputs ; 19                          ;
; arriav_mac            ; 5                           ;
; boundary_port         ; 88                          ;
;                       ;                             ;
; Max LUT depth         ; 3.80                        ;
; Average LUT depth     ; 1.46                        ;
+-----------------------+-----------------------------+


+-------------------------------+
; Elapsed Time Per Partition    ;
+----------------+--------------+
; Partition Name ; Elapsed Time ;
+----------------+--------------+
; Top            ; 00:00:00     ;
+----------------+--------------+


+-------------------------------+
; Analysis & Synthesis Messages ;
+-------------------------------+
Info: *******************************************************************
Info: Running Quartus Prime Analysis & Synthesis
    Info: Version 18.1.0 Build 625 09/12/2018 SJ Lite Edition
    Info: Processing started: Mon Oct 26 12:06:52 2020
Info: Command: quartus_map --read_settings_files=on --write_settings_files=off IIR_DF2_filter -c IIR_DF2_filter
Warning (18236): Number of processors has not been specified which may cause overloading on shared machines.  Set the global assignment NUM_PARALLEL_PROCESSORS in your QSF to an appropriate value for best performance.
Info (20030): Parallel compilation is enabled and will use 16 of the 16 processors detected
Info (12021): Found 2 design units, including 1 entities, in source file iir_df2_filter.vhd
    Info (12022): Found design unit 1: IIR_DF2_filter-Behavioural File: D:/poli/magistrale/I S Architecture/lab/lab1/Lab 1/ISA_LAB_1_19october/LAB1_VHDL/IIR_DF2_filter.vhd Line: 26
    Info (12023): Found entity 1: IIR_DF2_filter File: D:/poli/magistrale/I S Architecture/lab/lab1/Lab 1/ISA_LAB_1_19october/LAB1_VHDL/IIR_DF2_filter.vhd Line: 17
Info (12127): Elaborating entity "IIR_DF2_filter" for the top level hierarchy
Warning (10540): VHDL Signal Declaration warning at IIR_DF2_filter.vhd(50): used explicit default value for signal "zeros" because signal was never assigned a value File: D:/poli/magistrale/I S Architecture/lab/lab1/Lab 1/ISA_LAB_1_19october/LAB1_VHDL/IIR_DF2_filter.vhd Line: 50
Warning (10540): VHDL Signal Declaration warning at IIR_DF2_filter.vhd(51): used explicit default value for signal "zeros31" because signal was never assigned a value File: D:/poli/magistrale/I S Architecture/lab/lab1/Lab 1/ISA_LAB_1_19october/LAB1_VHDL/IIR_DF2_filter.vhd Line: 51
Warning (12125): Using design file myregister.vhd, which is not specified as a design file for the current project, but contains definitions for 2 design units and 1 entities in project
    Info (12022): Found design unit 1: myregister-Behaviour File: D:/poli/magistrale/I S Architecture/lab/lab1/Lab 1/ISA_LAB_1_19october/LAB1_VHDL/myregister.vhd Line: 15
    Info (12023): Found entity 1: myregister File: D:/poli/magistrale/I S Architecture/lab/lab1/Lab 1/ISA_LAB_1_19october/LAB1_VHDL/myregister.vhd Line: 7
Info (12128): Elaborating entity "myregister" for hierarchy "myregister:REG_DATA_IN" File: D:/poli/magistrale/I S Architecture/lab/lab1/Lab 1/ISA_LAB_1_19october/LAB1_VHDL/IIR_DF2_filter.vhd Line: 62
Info (12128): Elaborating entity "myregister" for hierarchy "myregister:REG_Z1" File: D:/poli/magistrale/I S Architecture/lab/lab1/Lab 1/ISA_LAB_1_19october/LAB1_VHDL/IIR_DF2_filter.vhd Line: 93
Info (286030): Timing-Driven Synthesis is running
Info (16010): Generating hard_block partition "hard_block:auto_generated_inst"
    Info (16011): Adding 0 node(s), including 0 DDIO, 0 PLL, 0 transceiver and 0 LCELL
Info (21057): Implemented 256 device resources after synthesis - the final resource count might be different
    Info (21058): Implemented 75 input pins
    Info (21059): Implemented 13 output pins
    Info (21061): Implemented 163 logic cells
    Info (21062): Implemented 5 DSP elements
Info: Quartus Prime Analysis & Synthesis was successful. 0 errors, 4 warnings
    Info: Peak virtual memory: 4932 megabytes
    Info: Processing ended: Mon Oct 26 12:07:04 2020
    Info: Elapsed time: 00:00:12
    Info: Total CPU time (on all processors): 00:00:23


